{"numTotalTestSuites":92,"numPassedTestSuites":84,"numFailedTestSuites":8,"numPendingTestSuites":0,"numTotalTests":188,"numPassedTests":180,"numFailedTests":8,"numPendingTests":0,"numTodoTests":0,"snapshot":{"added":0,"failure":false,"filesAdded":0,"filesRemoved":0,"filesRemovedList":[],"filesUnmatched":0,"filesUpdated":0,"matched":0,"total":0,"unchecked":0,"uncheckedKeysByFile":[],"unmatched":0,"updated":0,"didUpdate":false},"startTime":1769115539545,"success":false,"testResults":[{"assertionResults":[{"ancestorTitles":["That-Declarative Clauses"],"fullName":"That-Declarative Clauses I knew that you eat.","status":"passed","title":"I knew that you eat.","duration":5.076888000000054,"failureMessages":[],"meta":{"sentence":"I knew that you eat.","parseCount":1,"assertions":[{"type":"grammatical","passed":true,"details":{"parseCount":1}}]}},{"ancestorTitles":["That-Declarative Clauses"],"fullName":"That-Declarative Clauses He believed that the suspect was Joe today.","status":"passed","title":"He believed that the suspect was Joe today.","duration":3.624830000000088,"failureMessages":[],"meta":{"sentence":"He believed that the suspect was Joe today.","parseCount":2,"assertions":[{"type":"grammatical","passed":true,"details":{"parseCount":2}}]}},{"ancestorTitles":["That-Declarative Clauses"],"fullName":"That-Declarative Clauses We figured out that he was lying.","status":"passed","title":"We figured out that he was lying.","duration":2.214759000000072,"failureMessages":[],"meta":{"sentence":"We figured out that he was lying.","parseCount":1,"assertions":[{"type":"grammatical","passed":true,"details":{"parseCount":1}}]}},{"ancestorTitles":["Bare Declarative Clauses"],"fullName":"Bare Declarative Clauses I made you eat.","status":"passed","title":"I made you eat.","duration":2.0081369999999197,"failureMessages":[],"meta":{"sentence":"I made you eat.","parseCount":1,"assertions":[{"type":"grammatical","passed":true,"details":{"parseCount":1}}]}},{"ancestorTitles":["Bare Declarative Clauses"],"fullName":"Bare Declarative Clauses He said the suspect was Joe today.","status":"passed","title":"He said the suspect was Joe today.","duration":2.4805619999999635,"failureMessages":[],"meta":{"sentence":"He said the suspect was Joe today.","parseCount":2,"assertions":[{"type":"grammatical","passed":true,"details":{"parseCount":2}}]}},{"ancestorTitles":["Bare Declarative Clauses"],"fullName":"Bare Declarative Clauses He made out he was sick.","status":"passed","title":"He made out he was sick.","duration":1.9408110000000534,"failureMessages":[],"meta":{"sentence":"He made out he was sick.","parseCount":1,"assertions":[{"type":"grammatical","passed":true,"details":{"parseCount":1}}]}},{"ancestorTitles":["Interrogative Content Clauses (Closed)"],"fullName":"Interrogative Content Clauses (Closed) I know whether he eats the apple.","status":"passed","title":"I know whether he eats the apple.","duration":2.2369549999999663,"failureMessages":[],"meta":{"sentence":"I know whether he eats the apple.","parseCount":1,"assertions":[{"type":"grammatical","passed":true,"details":{"parseCount":1}}]}},{"ancestorTitles":["Interrogative Content Clauses (Closed)"],"fullName":"Interrogative Content Clauses (Closed) I know whether they eat the apple.","status":"passed","title":"I know whether they eat the apple.","duration":2.012460000000033,"failureMessages":[],"meta":{"sentence":"I know whether they eat the apple.","parseCount":1,"assertions":[{"type":"grammatical","passed":true,"details":{"parseCount":1}}]}},{"ancestorTitles":["Interrogative Content Clauses (Closed)"],"fullName":"Interrogative Content Clauses (Closed) He asked whether Joe left today.","status":"passed","title":"He asked whether Joe left today.","duration":3.828796000000011,"failureMessages":[],"meta":{"sentence":"He asked whether Joe left today.","parseCount":3,"assertions":[{"type":"grammatical","passed":true,"details":{"parseCount":3}}]}},{"ancestorTitles":["Interrogative Content Clauses (Open)"],"fullName":"Interrogative Content Clauses (Open) I knew what you eat.","status":"passed","title":"I knew what you eat.","duration":2.330979999999954,"failureMessages":[],"meta":{"sentence":"I knew what you eat.","parseCount":2,"assertions":[{"type":"grammatical","passed":true,"details":{"parseCount":2}}]}},{"ancestorTitles":["Interrogative Content Clauses (Open)"],"fullName":"Interrogative Content Clauses (Open) I know who eats that.","status":"passed","title":"I know who eats that.","duration":1.9356410000000324,"failureMessages":[],"meta":{"sentence":"I know who eats that.","parseCount":1,"assertions":[{"type":"grammatical","passed":true,"details":{"parseCount":1}}]}},{"ancestorTitles":["Interrogative Content Clauses (Open)"],"fullName":"Interrogative Content Clauses (Open) I know which people eat that.","status":"passed","title":"I know which people eat that.","duration":1.9206350000000612,"failureMessages":[],"meta":{"sentence":"I know which people eat that.","parseCount":1,"assertions":[{"type":"grammatical","passed":true,"details":{"parseCount":1}}]}},{"ancestorTitles":["Interrogative Content Clauses (Open)"],"fullName":"Interrogative Content Clauses (Open) I know what he ate.","status":"passed","title":"I know what he ate.","duration":1.1286600000000817,"failureMessages":[],"meta":{"sentence":"I know what he ate.","parseCount":2,"assertions":[{"type":"grammatical","passed":true,"details":{"parseCount":2}}]}},{"ancestorTitles":["Interrogative Content Clauses (Open)"],"fullName":"Interrogative Content Clauses (Open) I know what they ate.","status":"passed","title":"I know what they ate.","duration":1.0761260000000448,"failureMessages":[],"meta":{"sentence":"I know what they ate.","parseCount":2,"assertions":[{"type":"grammatical","passed":true,"details":{"parseCount":2}}]}},{"ancestorTitles":["Interrogative Content Clauses (Open)"],"fullName":"Interrogative Content Clauses (Open) I know where he goes.","status":"passed","title":"I know where he goes.","duration":1.211292999999955,"failureMessages":[],"meta":{"sentence":"I know where he goes.","parseCount":1,"assertions":[{"type":"grammatical","passed":true,"details":{"parseCount":1}}]}},{"ancestorTitles":["Interrogative Content Clauses (Open)"],"fullName":"Interrogative Content Clauses (Open) I know where they go.","status":"passed","title":"I know where they go.","duration":1.0745279999999866,"failureMessages":[],"meta":{"sentence":"I know where they go.","parseCount":1,"assertions":[{"type":"grammatical","passed":true,"details":{"parseCount":1}}]}},{"ancestorTitles":["Interrogative Content Clauses (Open)"],"fullName":"Interrogative Content Clauses (Open) I figured out what he meant.","status":"passed","title":"I figured out what he meant.","duration":1.4840450000000374,"failureMessages":[],"meta":{"sentence":"I figured out what he meant.","parseCount":2,"assertions":[{"type":"grammatical","passed":true,"details":{"parseCount":2}}]}},{"ancestorTitles":["Interrogative Content Clauses (Open)"],"fullName":"Interrogative Content Clauses (Open) She worked out how to do it.","status":"passed","title":"She worked out how to do it.","duration":0.711010999999985,"failureMessages":[],"meta":{"sentence":"She worked out how to do it.","parseCount":1,"assertions":[{"type":"grammatical","passed":true,"details":{"parseCount":1}}]}},{"ancestorTitles":["Exclamative Content Clauses"],"fullName":"Exclamative Content Clauses I said how expensive it was.","status":"passed","title":"I said how expensive it was.","duration":0.8535380000000714,"failureMessages":[],"meta":{"sentence":"I said how expensive it was.","parseCount":2,"assertions":[{"type":"grammatical","passed":true,"details":{"parseCount":2}}]}},{"ancestorTitles":["Exclamative Content Clauses"],"fullName":"Exclamative Content Clauses He exclaimed how tall she was today.","status":"passed","title":"He exclaimed how tall she was today.","duration":0.8467970000000378,"failureMessages":[],"meta":{"sentence":"He exclaimed how tall she was today.","parseCount":5,"assertions":[{"type":"grammatical","passed":true,"details":{"parseCount":5}}]}},{"ancestorTitles":["Quotation Clauses"],"fullName":"Quotation Clauses Bob said \"I am happy.\".","status":"passed","title":"Bob said \"I am happy.\".","duration":0.7465230000000247,"failureMessages":[],"meta":{"sentence":"Bob said \"I am happy.\".","parseCount":1,"assertions":[{"type":"grammatical","passed":true,"details":{"parseCount":1}}]}},{"ancestorTitles":["Quotation Clauses"],"fullName":"Quotation Clauses Bob said, \"I am happy.\".","status":"passed","title":"Bob said, \"I am happy.\".","duration":0.7537949999999682,"failureMessages":[],"meta":{"sentence":"Bob said, \"I am happy.\".","parseCount":1,"assertions":[{"type":"grammatical","passed":true,"details":{"parseCount":1}}]}},{"ancestorTitles":["Quotation Clauses"],"fullName":"Quotation Clauses Bob told them, \"I am happy.\".","status":"passed","title":"Bob told them, \"I am happy.\".","duration":0.8340140000000247,"failureMessages":[],"meta":{"sentence":"Bob told them, \"I am happy.\".","parseCount":1,"assertions":[{"type":"grammatical","passed":true,"details":{"parseCount":1}}]}},{"ancestorTitles":["Verb + IO + That-Declarative"],"fullName":"Verb + IO + That-Declarative I told you that you eat the apple.","status":"passed","title":"I told you that you eat the apple.","duration":0.7304659999999785,"failureMessages":[],"meta":{"sentence":"I told you that you eat the apple.","parseCount":1,"assertions":[{"type":"grammatical","passed":true,"details":{"parseCount":1}}]}},{"ancestorTitles":["Verb + IO + That-Declarative"],"fullName":"Verb + IO + That-Declarative He told you that the suspect was Joe today.","status":"passed","title":"He told you that the suspect was Joe today.","duration":1.1266520000000355,"failureMessages":[],"meta":{"sentence":"He told you that the suspect was Joe today.","parseCount":2,"assertions":[{"type":"grammatical","passed":true,"details":{"parseCount":2}}]}},{"ancestorTitles":["Verb + IO + Bare Declarative"],"fullName":"Verb + IO + Bare Declarative I told you you eat the apple.","status":"passed","title":"I told you you eat the apple.","duration":0.6671269999999367,"failureMessages":[],"meta":{"sentence":"I told you you eat the apple.","parseCount":1,"assertions":[{"type":"grammatical","passed":true,"details":{"parseCount":1}}]}},{"ancestorTitles":["Verb + IO + Bare Declarative"],"fullName":"Verb + IO + Bare Declarative He told you the suspect was Joe today.","status":"passed","title":"He told you the suspect was Joe today.","duration":0.7563560000000962,"failureMessages":[],"meta":{"sentence":"He told you the suspect was Joe today.","parseCount":2,"assertions":[{"type":"grammatical","passed":true,"details":{"parseCount":2}}]}},{"ancestorTitles":["Verb + IO + Exclamative"],"fullName":"Verb + IO + Exclamative I told you how expensive it was.","status":"passed","title":"I told you how expensive it was.","duration":0.6630350000000362,"failureMessages":[],"meta":{"sentence":"I told you how expensive it was.","parseCount":2,"assertions":[{"type":"grammatical","passed":true,"details":{"parseCount":2}}]}},{"ancestorTitles":["Verb + IO + Exclamative"],"fullName":"Verb + IO + Exclamative He told you how tall she was today.","status":"passed","title":"He told you how tall she was today.","duration":0.726120999999921,"failureMessages":[],"meta":{"sentence":"He told you how tall she was today.","parseCount":5,"assertions":[{"type":"grammatical","passed":true,"details":{"parseCount":5}}]}},{"ancestorTitles":["Verb + IO + Interrogative"],"fullName":"Verb + IO + Interrogative I asked you what you eat.","status":"passed","title":"I asked you what you eat.","duration":0.6620259999999689,"failureMessages":[],"meta":{"sentence":"I asked you what you eat.","parseCount":1,"assertions":[{"type":"grammatical","passed":true,"details":{"parseCount":1}}]}},{"ancestorTitles":["Verb + IO + Interrogative"],"fullName":"Verb + IO + Interrogative He asked you whether Joe left today.","status":"passed","title":"He asked you whether Joe left today.","duration":0.6575189999999793,"failureMessages":[],"meta":{"sentence":"He asked you whether Joe left today.","parseCount":3,"assertions":[{"type":"grammatical","passed":true,"details":{"parseCount":3}}]}},{"ancestorTitles":["Particle + That-Declarative"],"fullName":"Particle + That-Declarative She tipped him off that the police were coming.","status":"passed","title":"She tipped him off that the police were coming.","duration":0.7932690000000093,"failureMessages":[],"meta":{"sentence":"She tipped him off that the police were coming.","parseCount":1,"assertions":[{"type":"grammatical","passed":true,"details":{"parseCount":1}}]}},{"ancestorTitles":["Particle + Bare Declarative"],"fullName":"Particle + Bare Declarative She tipped him off the police were coming.","status":"passed","title":"She tipped him off the police were coming.","duration":1.0020870000000741,"failureMessages":[],"meta":{"sentence":"She tipped him off the police were coming.","parseCount":1,"assertions":[{"type":"grammatical","passed":true,"details":{"parseCount":1}}]}},{"ancestorTitles":["Fused Relative Clauses"],"fullName":"Fused Relative Clauses What I was mailed arrived.","status":"passed","title":"What I was mailed arrived.","duration":0.7256849999999986,"failureMessages":[],"meta":{"sentence":"What I was mailed arrived.","parseCount":1,"assertions":[{"type":"grammatical","passed":true,"details":{"parseCount":1}}]}},{"ancestorTitles":["Fused Relative Clauses"],"fullName":"Fused Relative Clauses Whatever things happen are fine.","status":"passed","title":"Whatever things happen are fine.","duration":0.7049480000000585,"failureMessages":[],"meta":{"sentence":"Whatever things happen are fine.","parseCount":1,"assertions":[{"type":"grammatical","passed":true,"details":{"parseCount":1}}]}},{"ancestorTitles":["Restrictive Relative Clauses"],"fullName":"Restrictive Relative Clauses The box that is on the table fell.","status":"passed","title":"The box that is on the table fell.","duration":1.4541600000000017,"failureMessages":[],"meta":{"sentence":"The box that is on the table fell.","parseCount":4,"assertions":[{"type":"grammatical","passed":true,"details":{"parseCount":4}},{"type":"constituency","passed":true,"details":{"constituent":["box","that"],"excludes":"fell","parseCount":4}}]}},{"ancestorTitles":["Restrictive Relative Clauses"],"fullName":"Restrictive Relative Clauses The boxes that are on the table fell.","status":"passed","title":"The boxes that are on the table fell.","duration":0.9092020000000502,"failureMessages":[],"meta":{"sentence":"The boxes that are on the table fell.","parseCount":2,"assertions":[{"type":"grammatical","passed":true,"details":{"parseCount":2}}]}},{"ancestorTitles":["Restrictive Relative Clauses"],"fullName":"Restrictive Relative Clauses The book on the table fell.","status":"passed","title":"The book on the table fell.","duration":0.6731689999999162,"failureMessages":[],"meta":{"sentence":"The book on the table fell.","parseCount":1,"assertions":[{"type":"grammatical","passed":true,"details":{"parseCount":1}},{"type":"constituency","passed":true,"details":{"constituent":["book","table"],"excludes":"fell","parseCount":1}}]}},{"ancestorTitles":["Adjectives with Content Clauses"],"fullName":"Adjectives with Content Clauses He is happy that you are here.","status":"passed","title":"He is happy that you are here.","duration":0.7495310000000472,"failureMessages":[],"meta":{"sentence":"He is happy that you are here.","parseCount":2,"assertions":[{"type":"grammatical","passed":true,"details":{"parseCount":2}}]}},{"ancestorTitles":["Adjectives with Content Clauses"],"fullName":"Adjectives with Content Clauses He is happy you are here.","status":"passed","title":"He is happy you are here.","duration":1.2514360000000124,"failureMessages":[],"meta":{"sentence":"He is happy you are here.","parseCount":2,"assertions":[{"type":"grammatical","passed":true,"details":{"parseCount":2}}]}},{"ancestorTitles":["Adjectives with Content Clauses"],"fullName":"Adjectives with Content Clauses He is happy to be here.","status":"passed","title":"He is happy to be here.","duration":0.6950120000000197,"failureMessages":[],"meta":{"sentence":"He is happy to be here.","parseCount":2,"assertions":[{"type":"grammatical","passed":true,"details":{"parseCount":2}}]}}],"startTime":1769115540103,"endTime":1769115540161.695,"status":"passed","message":"","name":"/home/fidgetsinner/myworkspace/cgel/tests/clauses.test.ts"},{"assertionResults":[{"ancestorTitles":["Clause Coordination with AND"],"fullName":"Clause Coordination with AND I came, I saw, I conquered.","status":"passed","title":"I came, I saw, I conquered.","duration":3.4324659999999767,"failureMessages":[],"meta":{"sentence":"I came, I saw, I conquered.","parseCount":1,"assertions":[{"type":"grammatical","passed":true,"details":{"parseCount":1}}]}},{"ancestorTitles":["Clause Coordination with AND"],"fullName":"Clause Coordination with AND John ran and Mary walked.","status":"passed","title":"John ran and Mary walked.","duration":1.6054800000000569,"failureMessages":[],"meta":{"sentence":"John ran and Mary walked.","parseCount":1,"assertions":[{"type":"grammatical","passed":true,"details":{"parseCount":1}}]}},{"ancestorTitles":["Clause Coordination with OR"],"fullName":"Clause Coordination with OR John ran or Mary walked.","status":"passed","title":"John ran or Mary walked.","duration":1.3251239999999598,"failureMessages":[],"meta":{"sentence":"John ran or Mary walked.","parseCount":1,"assertions":[{"type":"grammatical","passed":true,"details":{"parseCount":1}}]}},{"ancestorTitles":["Clause Coordination with EITHER-OR"],"fullName":"Clause Coordination with EITHER-OR Either John ran or Mary walked.","status":"passed","title":"Either John ran or Mary walked.","duration":1.2512389999999414,"failureMessages":[],"meta":{"sentence":"Either John ran or Mary walked.","parseCount":1,"assertions":[{"type":"grammatical","passed":true,"details":{"parseCount":1}}]}},{"ancestorTitles":["Clause Coordination with BUT"],"fullName":"Clause Coordination with BUT John ran but Mary walked.","status":"passed","title":"John ran but Mary walked.","duration":1.2758440000000064,"failureMessages":[],"meta":{"sentence":"John ran but Mary walked.","parseCount":1,"assertions":[{"type":"grammatical","passed":true,"details":{"parseCount":1}}]}},{"ancestorTitles":["Clause Coordination with NOR (requires inversion)"],"fullName":"Clause Coordination with NOR (requires inversion) He won't go, nor will I go.","status":"passed","title":"He won't go, nor will I go.","duration":1.3803970000000163,"failureMessages":[],"meta":{"sentence":"He won't go, nor will I go.","parseCount":1,"assertions":[{"type":"grammatical","passed":true,"details":{"parseCount":1}}]}},{"ancestorTitles":["VP Coordination with AND"],"fullName":"VP Coordination with AND John sang and danced.","status":"passed","title":"John sang and danced.","duration":1.3366700000000264,"failureMessages":[],"meta":{"sentence":"John sang and danced.","parseCount":1,"assertions":[{"type":"grammatical","passed":true,"details":{"parseCount":1}},{"type":"constituency","passed":true,"details":{"constituent":["sang","danced"],"excludes":"john","parseCount":1}}]}},{"ancestorTitles":["VP Coordination with BOTH-AND"],"fullName":"VP Coordination with BOTH-AND John both sang and danced.","status":"passed","title":"John both sang and danced.","duration":1.0976990000000342,"failureMessages":[],"meta":{"sentence":"John both sang and danced.","parseCount":1,"assertions":[{"type":"grammatical","passed":true,"details":{"parseCount":1}}]}},{"ancestorTitles":["VP Coordination with OR"],"fullName":"VP Coordination with OR John sang or danced.","status":"passed","title":"John sang or danced.","duration":2.0407469999998966,"failureMessages":[],"meta":{"sentence":"John sang or danced.","parseCount":1,"assertions":[{"type":"grammatical","passed":true,"details":{"parseCount":1}}]}},{"ancestorTitles":["VP Coordination with EITHER-OR"],"fullName":"VP Coordination with EITHER-OR John either sang or danced.","status":"passed","title":"John either sang or danced.","duration":1.137644000000023,"failureMessages":[],"meta":{"sentence":"John either sang or danced.","parseCount":1,"assertions":[{"type":"grammatical","passed":true,"details":{"parseCount":1}}]}},{"ancestorTitles":["VP Coordination with NEITHER-NOR"],"fullName":"VP Coordination with NEITHER-NOR John neither sang nor danced.","status":"passed","title":"John neither sang nor danced.","duration":0.9923089999999775,"failureMessages":[],"meta":{"sentence":"John neither sang nor danced.","parseCount":1,"assertions":[{"type":"grammatical","passed":true,"details":{"parseCount":1}}]}},{"ancestorTitles":["VP Coordination with BUT"],"fullName":"VP Coordination with BUT John tried but failed.","status":"passed","title":"John tried but failed.","duration":1.1083010000000968,"failureMessages":[],"meta":{"sentence":"John tried but failed.","parseCount":1,"assertions":[{"type":"grammatical","passed":true,"details":{"parseCount":1}}]}},{"ancestorTitles":["VP Coordination with NOT ONLY-BUT"],"fullName":"VP Coordination with NOT ONLY-BUT John not only sang but danced.","status":"passed","title":"John not only sang but danced.","duration":1.0297309999999698,"failureMessages":[],"meta":{"sentence":"John not only sang but danced.","parseCount":1,"assertions":[{"type":"grammatical","passed":true,"details":{"parseCount":1}}]}},{"ancestorTitles":["NP Coordination with AND"],"fullName":"NP Coordination with AND John and Mary ran.","status":"passed","title":"John and Mary ran.","duration":1.126158999999916,"failureMessages":[],"meta":{"sentence":"John and Mary ran.","parseCount":1,"assertions":[{"type":"grammatical","passed":true,"details":{"parseCount":1}},{"type":"constituency","passed":true,"details":{"constituent":["john","mary"],"excludes":"ran","parseCount":1}}]}},{"ancestorTitles":["NP Coordination with AND"],"fullName":"NP Coordination with AND Bob, Alice, Carol ran.","status":"passed","title":"Bob, Alice, Carol ran.","duration":1.145399999999995,"failureMessages":[],"meta":{"sentence":"Bob, Alice, Carol ran.","parseCount":1,"assertions":[{"type":"grammatical","passed":true,"details":{"parseCount":1}}]}},{"ancestorTitles":["NP Coordination with BOTH-AND"],"fullName":"NP Coordination with BOTH-AND Both John and Mary ran.","status":"passed","title":"Both John and Mary ran.","duration":0.8896599999999353,"failureMessages":[],"meta":{"sentence":"Both John and Mary ran.","parseCount":1,"assertions":[{"type":"grammatical","passed":true,"details":{"parseCount":1}}]}},{"ancestorTitles":["NP Coordination with OR (proximity agreement)"],"fullName":"NP Coordination with OR (proximity agreement) The cat or the dog runs.","status":"passed","title":"The cat or the dog runs.","duration":1.050028999999995,"failureMessages":[],"meta":{"sentence":"The cat or the dog runs.","parseCount":1,"assertions":[{"type":"grammatical","passed":true,"details":{"parseCount":1}}]}},{"ancestorTitles":["NP Coordination with OR (proximity agreement)"],"fullName":"NP Coordination with OR (proximity agreement) The cat or the dogs run.","status":"passed","title":"The cat or the dogs run.","duration":1.6232360000000199,"failureMessages":[],"meta":{"sentence":"The cat or the dogs run.","parseCount":1,"assertions":[{"type":"grammatical","passed":true,"details":{"parseCount":1}}]}},{"ancestorTitles":["NP Coordination with EITHER-OR"],"fullName":"NP Coordination with EITHER-OR Either John or Mary runs.","status":"passed","title":"Either John or Mary runs.","duration":0.6382539999999608,"failureMessages":[],"meta":{"sentence":"Either John or Mary runs.","parseCount":1,"assertions":[{"type":"grammatical","passed":true,"details":{"parseCount":1}}]}},{"ancestorTitles":["NP Coordination with NEITHER-NOR"],"fullName":"NP Coordination with NEITHER-NOR Neither John nor Mary runs.","status":"passed","title":"Neither John nor Mary runs.","duration":0.5195860000000039,"failureMessages":[],"meta":{"sentence":"Neither John nor Mary runs.","parseCount":1,"assertions":[{"type":"grammatical","passed":true,"details":{"parseCount":1}}]}},{"ancestorTitles":["NP Coordination with BUT NOT"],"fullName":"NP Coordination with BUT NOT John but not Mary runs.","status":"passed","title":"John but not Mary runs.","duration":0.5516470000000027,"failureMessages":[],"meta":{"sentence":"John but not Mary runs.","parseCount":1,"assertions":[{"type":"grammatical","passed":true,"details":{"parseCount":1}}]}},{"ancestorTitles":["NP Coordination with BUT NOT"],"fullName":"NP Coordination with BUT NOT The cats but not the dog run.","status":"passed","title":"The cats but not the dog run.","duration":0.705284000000006,"failureMessages":[],"meta":{"sentence":"The cats but not the dog run.","parseCount":1,"assertions":[{"type":"grammatical","passed":true,"details":{"parseCount":1}}]}},{"ancestorTitles":["NP Coordination with NOT ONLY-BUT"],"fullName":"NP Coordination with NOT ONLY-BUT Not only John but Mary run.","status":"passed","title":"Not only John but Mary run.","duration":0.5575640000000703,"failureMessages":[],"meta":{"sentence":"Not only John but Mary run.","parseCount":1,"assertions":[{"type":"grammatical","passed":true,"details":{"parseCount":1}}]}},{"ancestorTitles":["Adjunct Coordination"],"fullName":"Adjunct Coordination John ran in the house and in the garden.","status":"passed","title":"John ran in the house and in the garden.","duration":0.7611709999999903,"failureMessages":[],"meta":{"sentence":"John ran in the house and in the garden.","parseCount":1,"assertions":[{"type":"grammatical","passed":true,"details":{"parseCount":1}}]}},{"ancestorTitles":["Adjunct Coordination"],"fullName":"Adjunct Coordination John ran both in the house and in the garden.","status":"passed","title":"John ran both in the house and in the garden.","duration":0.6989509999999655,"failureMessages":[],"meta":{"sentence":"John ran both in the house and in the garden.","parseCount":1,"assertions":[{"type":"grammatical","passed":true,"details":{"parseCount":1}}]}},{"ancestorTitles":["Adjunct Coordination"],"fullName":"Adjunct Coordination John ran either in the house or in the garden.","status":"passed","title":"John ran either in the house or in the garden.","duration":0.7277670000000853,"failureMessages":[],"meta":{"sentence":"John ran either in the house or in the garden.","parseCount":1,"assertions":[{"type":"grammatical","passed":true,"details":{"parseCount":1}}]}},{"ancestorTitles":["Adjunct Coordination"],"fullName":"Adjunct Coordination John ran neither in the house nor in the garden.","status":"passed","title":"John ran neither in the house nor in the garden.","duration":1.2594320000000607,"failureMessages":[],"meta":{"sentence":"John ran neither in the house nor in the garden.","parseCount":1,"assertions":[{"type":"grammatical","passed":true,"details":{"parseCount":1}}]}},{"ancestorTitles":["Predicate Complement Coordination"],"fullName":"Predicate Complement Coordination John is happy and tired.","status":"passed","title":"John is happy and tired.","duration":0.8633379999999988,"failureMessages":[],"meta":{"sentence":"John is happy and tired.","parseCount":2,"assertions":[{"type":"grammatical","passed":true,"details":{"parseCount":2}}]}},{"ancestorTitles":["Predicate Complement Coordination"],"fullName":"Predicate Complement Coordination John is both happy and tired.","status":"passed","title":"John is both happy and tired.","duration":0.7177380000000539,"failureMessages":[],"meta":{"sentence":"John is both happy and tired.","parseCount":1,"assertions":[{"type":"grammatical","passed":true,"details":{"parseCount":1}}]}},{"ancestorTitles":["Predicate Complement Coordination"],"fullName":"Predicate Complement Coordination John is happy or tired.","status":"passed","title":"John is happy or tired.","duration":0.6336579999999685,"failureMessages":[],"meta":{"sentence":"John is happy or tired.","parseCount":2,"assertions":[{"type":"grammatical","passed":true,"details":{"parseCount":2}}]}},{"ancestorTitles":["Predicate Complement Coordination"],"fullName":"Predicate Complement Coordination John is neither happy nor tired.","status":"passed","title":"John is neither happy nor tired.","duration":0.6403719999999566,"failureMessages":[],"meta":{"sentence":"John is neither happy nor tired.","parseCount":1,"assertions":[{"type":"grammatical","passed":true,"details":{"parseCount":1}}]}},{"ancestorTitles":["Predicate Complement Coordination"],"fullName":"Predicate Complement Coordination John is tired but happy.","status":"passed","title":"John is tired but happy.","duration":0.7037689999999657,"failureMessages":[],"meta":{"sentence":"John is tired but happy.","parseCount":1,"assertions":[{"type":"grammatical","passed":true,"details":{"parseCount":1}}]}},{"ancestorTitles":["Ungrammatical Coordination"],"fullName":"Ungrammatical Coordination *Both he overslept and his bus arrived late.","status":"passed","title":"*Both he overslept and his bus arrived late.","duration":0.9104549999999563,"failureMessages":[],"meta":{"sentence":"Both he overslept and his bus arrived late.","parseCount":0,"assertions":[{"type":"grammatical","passed":true,"details":{"parseCount":0}}]}},{"ancestorTitles":["Ungrammatical Coordination"],"fullName":"Ungrammatical Coordination *Neither he overslept nor his bus arrived late.","status":"passed","title":"*Neither he overslept nor his bus arrived late.","duration":0.615778999999975,"failureMessages":[],"meta":{"sentence":"Neither he overslept nor his bus arrived late.","parseCount":0,"assertions":[{"type":"grammatical","passed":true,"details":{"parseCount":0}}]}}],"startTime":1769115540097,"endTime":1769115540134.6157,"status":"passed","message":"","name":"/home/fidgetsinner/myworkspace/cgel/tests/coordination.test.ts"},{"assertionResults":[{"ancestorTitles":["Basic Passive"],"fullName":"Basic Passive He was eaten.","status":"passed","title":"He was eaten.","duration":4.803144999999972,"failureMessages":[],"meta":{"sentence":"He was eaten.","parseCount":1,"assertions":[{"type":"grammatical","passed":true,"details":{"parseCount":1}}]}},{"ancestorTitles":["Basic Passive"],"fullName":"Basic Passive The apple was eaten.","status":"passed","title":"The apple was eaten.","duration":2.793724999999995,"failureMessages":[],"meta":{"sentence":"The apple was eaten.","parseCount":1,"assertions":[{"type":"grammatical","passed":true,"details":{"parseCount":1}}]}},{"ancestorTitles":["Monotransitive Passive"],"fullName":"Monotransitive Passive The janitor was seen today.","status":"passed","title":"The janitor was seen today.","duration":2.1701810000000705,"failureMessages":[],"meta":{"sentence":"The janitor was seen today.","parseCount":1,"assertions":[{"type":"grammatical","passed":true,"details":{"parseCount":1}}]}},{"ancestorTitles":["Complex-Transitive Passive"],"fullName":"Complex-Transitive Passive He was found guilty.","status":"passed","title":"He was found guilty.","duration":2.058226999999988,"failureMessages":[],"meta":{"sentence":"He was found guilty.","parseCount":1,"assertions":[{"type":"grammatical","passed":true,"details":{"parseCount":1}}]}},{"ancestorTitles":["Complex-Transitive Passive"],"fullName":"Complex-Transitive Passive The janitor was found guilty today.","status":"passed","title":"The janitor was found guilty today.","duration":2.498886999999968,"failureMessages":[],"meta":{"sentence":"The janitor was found guilty today.","parseCount":2,"assertions":[{"type":"grammatical","passed":true,"details":{"parseCount":2}}]}},{"ancestorTitles":["Raised Object + To-Infinitive Passive"],"fullName":"Raised Object + To-Infinitive Passive You were asked to leave.","status":"passed","title":"You were asked to leave.","duration":1.293884999999932,"failureMessages":[],"meta":{"sentence":"You were asked to leave.","parseCount":1,"assertions":[{"type":"grammatical","passed":true,"details":{"parseCount":1}}]}},{"ancestorTitles":["Raised Object + To-Infinitive Passive"],"fullName":"Raised Object + To-Infinitive Passive You were asked to leave today.","status":"passed","title":"You were asked to leave today.","duration":1.352508000000057,"failureMessages":[],"meta":{"sentence":"You were asked to leave today.","parseCount":3,"assertions":[{"type":"grammatical","passed":true,"details":{"parseCount":3}}]}},{"ancestorTitles":["IO + That-Clause Passive"],"fullName":"IO + That-Clause Passive You were told that the suspect was Joe.","status":"passed","title":"You were told that the suspect was Joe.","duration":1.6771119999999655,"failureMessages":[],"meta":{"sentence":"You were told that the suspect was Joe.","parseCount":1,"assertions":[{"type":"grammatical","passed":true,"details":{"parseCount":1}}]}},{"ancestorTitles":["IO + That-Clause Passive"],"fullName":"IO + That-Clause Passive You were told that the suspect was Joe today.","status":"passed","title":"You were told that the suspect was Joe today.","duration":2.693789000000038,"failureMessages":[],"meta":{"sentence":"You were told that the suspect was Joe today.","parseCount":2,"assertions":[{"type":"grammatical","passed":true,"details":{"parseCount":2}}]}},{"ancestorTitles":["IO + Bare Declarative Passive"],"fullName":"IO + Bare Declarative Passive You were told the suspect was Joe.","status":"passed","title":"You were told the suspect was Joe.","duration":1.400288000000046,"failureMessages":[],"meta":{"sentence":"You were told the suspect was Joe.","parseCount":1,"assertions":[{"type":"grammatical","passed":true,"details":{"parseCount":1}}]}},{"ancestorTitles":["IO + Bare Declarative Passive"],"fullName":"IO + Bare Declarative Passive You were told the suspect was Joe today.","status":"passed","title":"You were told the suspect was Joe today.","duration":1.553150999999957,"failureMessages":[],"meta":{"sentence":"You were told the suspect was Joe today.","parseCount":2,"assertions":[{"type":"grammatical","passed":true,"details":{"parseCount":2}}]}},{"ancestorTitles":["IO + Exclamative Passive"],"fullName":"IO + Exclamative Passive You were told how tall she was.","status":"passed","title":"You were told how tall she was.","duration":1.4677149999999983,"failureMessages":[],"meta":{"sentence":"You were told how tall she was.","parseCount":2,"assertions":[{"type":"grammatical","passed":true,"details":{"parseCount":2}}]}},{"ancestorTitles":["IO + Exclamative Passive"],"fullName":"IO + Exclamative Passive You were told how tall she was today.","status":"passed","title":"You were told how tall she was today.","duration":1.544450999999981,"failureMessages":[],"meta":{"sentence":"You were told how tall she was today.","parseCount":5,"assertions":[{"type":"grammatical","passed":true,"details":{"parseCount":5}}]}},{"ancestorTitles":["IO + Interrogative Passive"],"fullName":"IO + Interrogative Passive You were asked whether Joe left.","status":"passed","title":"You were asked whether Joe left.","duration":1.3469860000000153,"failureMessages":[],"meta":{"sentence":"You were asked whether Joe left.","parseCount":1,"assertions":[{"type":"grammatical","passed":true,"details":{"parseCount":1}}]}},{"ancestorTitles":["IO + Interrogative Passive"],"fullName":"IO + Interrogative Passive You were asked whether Joe left today.","status":"passed","title":"You were asked whether Joe left today.","duration":1.5280669999999645,"failureMessages":[],"meta":{"sentence":"You were asked whether Joe left today.","parseCount":3,"assertions":[{"type":"grammatical","passed":true,"details":{"parseCount":3}}]}},{"ancestorTitles":["IO Promoted Passive (Ditransitive)"],"fullName":"IO Promoted Passive (Ditransitive) You were given food.","status":"passed","title":"You were given food.","duration":2.1022879999999304,"failureMessages":[],"meta":{"sentence":"You were given food.","parseCount":1,"assertions":[{"type":"grammatical","passed":true,"details":{"parseCount":1}}]}},{"ancestorTitles":["IO Promoted Passive (Ditransitive)"],"fullName":"IO Promoted Passive (Ditransitive) You were given food today.","status":"passed","title":"You were given food today.","duration":0.8711069999999381,"failureMessages":[],"meta":{"sentence":"You were given food today.","parseCount":1,"assertions":[{"type":"grammatical","passed":true,"details":{"parseCount":1}}]}},{"ancestorTitles":["DO Promoted Passive (Dative)"],"fullName":"DO Promoted Passive (Dative) Food was given to you.","status":"passed","title":"Food was given to you.","duration":0.7737799999999879,"failureMessages":[],"meta":{"sentence":"Food was given to you.","parseCount":2,"assertions":[{"type":"grammatical","passed":true,"details":{"parseCount":2}}]}},{"ancestorTitles":["DO Promoted Passive (Dative)"],"fullName":"DO Promoted Passive (Dative) Food was given to you today.","status":"passed","title":"Food was given to you today.","duration":0.7953759999999193,"failureMessages":[],"meta":{"sentence":"Food was given to you today.","parseCount":2,"assertions":[{"type":"grammatical","passed":true,"details":{"parseCount":2}}]}},{"ancestorTitles":["Prepositional Passive"],"fullName":"Prepositional Passive The book was referred to.","status":"failed","title":"The book was referred to.","duration":5.1702719999999545,"failureMessages":["Error: Expected \"The book was referred to.\" to parse, but it didn't\n    at Proxy.expectWrapper (file:///home/fidgetsinner/myworkspace/cgel/node_modules/@vitest/expect/dist/index.js:1821:12)\n    at Proxy.<anonymous> (file:///home/fidgetsinner/myworkspace/cgel/node_modules/@vitest/expect/dist/index.js:1090:14)\n    at Proxy.methodWrapper (file:///home/fidgetsinner/myworkspace/cgel/node_modules/chai/index.js:1700:25)\n    at /home/fidgetsinner/myworkspace/cgel/tests/passive.test.ts:127:20\n    at file:///home/fidgetsinner/myworkspace/cgel/node_modules/@vitest/runner/dist/index.js:145:11\n    at file:///home/fidgetsinner/myworkspace/cgel/node_modules/@vitest/runner/dist/index.js:915:26\n    at file:///home/fidgetsinner/myworkspace/cgel/node_modules/@vitest/runner/dist/index.js:1243:20\n    at new Promise (<anonymous>)\n    at runWithTimeout (file:///home/fidgetsinner/myworkspace/cgel/node_modules/@vitest/runner/dist/index.js:1209:10)\n    at file:///home/fidgetsinner/myworkspace/cgel/node_modules/@vitest/runner/dist/index.js:1653:37"],"meta":{"sentence":"The book was referred to.","parseCount":0,"assertions":[{"type":"grammatical","passed":false,"details":{"parseCount":0}}]}},{"ancestorTitles":["Prepositional Passive"],"fullName":"Prepositional Passive The book was referred to today.","status":"failed","title":"The book was referred to today.","duration":2.2517629999999826,"failureMessages":["Error: Expected \"The book was referred to today.\" to parse, but it didn't\n    at Proxy.expectWrapper (file:///home/fidgetsinner/myworkspace/cgel/node_modules/@vitest/expect/dist/index.js:1821:12)\n    at Proxy.<anonymous> (file:///home/fidgetsinner/myworkspace/cgel/node_modules/@vitest/expect/dist/index.js:1090:14)\n    at Proxy.methodWrapper (file:///home/fidgetsinner/myworkspace/cgel/node_modules/chai/index.js:1700:25)\n    at /home/fidgetsinner/myworkspace/cgel/tests/passive.test.ts:132:20\n    at file:///home/fidgetsinner/myworkspace/cgel/node_modules/@vitest/runner/dist/index.js:145:11\n    at file:///home/fidgetsinner/myworkspace/cgel/node_modules/@vitest/runner/dist/index.js:915:26\n    at file:///home/fidgetsinner/myworkspace/cgel/node_modules/@vitest/runner/dist/index.js:1243:20\n    at new Promise (<anonymous>)\n    at runWithTimeout (file:///home/fidgetsinner/myworkspace/cgel/node_modules/@vitest/runner/dist/index.js:1209:10)\n    at file:///home/fidgetsinner/myworkspace/cgel/node_modules/@vitest/runner/dist/index.js:1653:37"],"meta":{"sentence":"The book was referred to today.","parseCount":0,"assertions":[{"type":"grammatical","passed":false,"details":{"parseCount":0}}]}},{"ancestorTitles":["Particle Passive (Structure II)"],"fullName":"Particle Passive (Structure II) The label was taken off.","status":"passed","title":"The label was taken off.","duration":0.9833630000000539,"failureMessages":[],"meta":{"sentence":"The label was taken off.","parseCount":1,"assertions":[{"type":"grammatical","passed":true,"details":{"parseCount":1}}]}},{"ancestorTitles":["Particle Passive (Structure II)"],"fullName":"Particle Passive (Structure II) The label was taken off yesterday.","status":"passed","title":"The label was taken off yesterday.","duration":1.6184809999999743,"failureMessages":[],"meta":{"sentence":"The label was taken off yesterday.","parseCount":2,"assertions":[{"type":"grammatical","passed":true,"details":{"parseCount":2}}]}},{"ancestorTitles":["O + Particle + PC Passive (Structure VII)"],"fullName":"O + Particle + PC Passive (Structure VII) He was shown up as spineless.","status":"failed","title":"He was shown up as spineless.","duration":1.180168999999978,"failureMessages":["Error: Expected \"He was shown up as spineless.\" to parse, but it didn't\n    at Proxy.expectWrapper (file:///home/fidgetsinner/myworkspace/cgel/node_modules/@vitest/expect/dist/index.js:1821:12)\n    at Proxy.<anonymous> (file:///home/fidgetsinner/myworkspace/cgel/node_modules/@vitest/expect/dist/index.js:1090:14)\n    at Proxy.methodWrapper (file:///home/fidgetsinner/myworkspace/cgel/node_modules/chai/index.js:1700:25)\n    at /home/fidgetsinner/myworkspace/cgel/tests/passive.test.ts:151:20\n    at file:///home/fidgetsinner/myworkspace/cgel/node_modules/@vitest/runner/dist/index.js:145:11\n    at file:///home/fidgetsinner/myworkspace/cgel/node_modules/@vitest/runner/dist/index.js:915:26\n    at file:///home/fidgetsinner/myworkspace/cgel/node_modules/@vitest/runner/dist/index.js:1243:20\n    at new Promise (<anonymous>)\n    at runWithTimeout (file:///home/fidgetsinner/myworkspace/cgel/node_modules/@vitest/runner/dist/index.js:1209:10)\n    at file:///home/fidgetsinner/myworkspace/cgel/node_modules/@vitest/runner/dist/index.js:1653:37"],"meta":{"sentence":"He was shown up as spineless.","parseCount":0,"assertions":[{"type":"grammatical","passed":false,"details":{"parseCount":0}}]}},{"ancestorTitles":["O + Particle + PC Passive (Structure VII)"],"fullName":"O + Particle + PC Passive (Structure VII) He was shown up as spineless yesterday.","status":"failed","title":"He was shown up as spineless yesterday.","duration":0.9989379999999528,"failureMessages":["Error: Expected \"He was shown up as spineless yesterday.\" to parse, but it didn't\n    at Proxy.expectWrapper (file:///home/fidgetsinner/myworkspace/cgel/node_modules/@vitest/expect/dist/index.js:1821:12)\n    at Proxy.<anonymous> (file:///home/fidgetsinner/myworkspace/cgel/node_modules/@vitest/expect/dist/index.js:1090:14)\n    at Proxy.methodWrapper (file:///home/fidgetsinner/myworkspace/cgel/node_modules/chai/index.js:1700:25)\n    at /home/fidgetsinner/myworkspace/cgel/tests/passive.test.ts:156:20\n    at file:///home/fidgetsinner/myworkspace/cgel/node_modules/@vitest/runner/dist/index.js:145:11\n    at file:///home/fidgetsinner/myworkspace/cgel/node_modules/@vitest/runner/dist/index.js:915:26\n    at file:///home/fidgetsinner/myworkspace/cgel/node_modules/@vitest/runner/dist/index.js:1243:20\n    at new Promise (<anonymous>)\n    at runWithTimeout (file:///home/fidgetsinner/myworkspace/cgel/node_modules/@vitest/runner/dist/index.js:1209:10)\n    at file:///home/fidgetsinner/myworkspace/cgel/node_modules/@vitest/runner/dist/index.js:1653:37"],"meta":{"sentence":"He was shown up as spineless yesterday.","parseCount":0,"assertions":[{"type":"grammatical","passed":false,"details":{"parseCount":0}}]}},{"ancestorTitles":["O + Particle + That-Clause Passive"],"fullName":"O + Particle + That-Clause Passive He was tipped off that the police were coming.","status":"passed","title":"He was tipped off that the police were coming.","duration":0.9613219999999956,"failureMessages":[],"meta":{"sentence":"He was tipped off that the police were coming.","parseCount":1,"assertions":[{"type":"grammatical","passed":true,"details":{"parseCount":1}}]}},{"ancestorTitles":["O + Particle + Bare Declarative Passive"],"fullName":"O + Particle + Bare Declarative Passive He was tipped off the police were coming.","status":"passed","title":"He was tipped off the police were coming.","duration":0.7967029999999795,"failureMessages":[],"meta":{"sentence":"He was tipped off the police were coming.","parseCount":1,"assertions":[{"type":"grammatical","passed":true,"details":{"parseCount":1}}]}},{"ancestorTitles":["Structure III Passive"],"fullName":"Structure III Passive He was run off another copy.","status":"passed","title":"He was run off another copy.","duration":0.7026009999999587,"failureMessages":[],"meta":{"sentence":"He was run off another copy.","parseCount":2,"assertions":[{"type":"grammatical","passed":true,"details":{"parseCount":2}}]}},{"ancestorTitles":["Reduced Relative Passive Clauses"],"fullName":"Reduced Relative Passive Clauses The horse raced past the barn fell.","status":"passed","title":"The horse raced past the barn fell.","duration":0.9535690000000159,"failureMessages":[],"meta":{"sentence":"The horse raced past the barn fell.","parseCount":2,"assertions":[{"type":"grammatical","passed":true,"details":{"parseCount":2}}]}}],"startTime":1769115540097,"endTime":1769115540148.9536,"status":"failed","message":"","name":"/home/fidgetsinner/myworkspace/cgel/tests/passive.test.ts"},{"assertionResults":[{"ancestorTitles":["Yes/No Questions (Subject-Auxiliary Inversion)"],"fullName":"Yes/No Questions (Subject-Auxiliary Inversion) Is he happy?","status":"passed","title":"Is he happy?","duration":3.6962439999999788,"failureMessages":[],"meta":{"sentence":"Is he happy?","parseCount":1,"assertions":[{"type":"grammatical","passed":true,"details":{"parseCount":1}}]}},{"ancestorTitles":["Yes/No Questions (Subject-Auxiliary Inversion)"],"fullName":"Yes/No Questions (Subject-Auxiliary Inversion) Can you eat?","status":"passed","title":"Can you eat?","duration":2.0791009999999233,"failureMessages":[],"meta":{"sentence":"Can you eat?","parseCount":1,"assertions":[{"type":"grammatical","passed":true,"details":{"parseCount":1}}]}},{"ancestorTitles":["Yes/No Questions (Subject-Auxiliary Inversion)"],"fullName":"Yes/No Questions (Subject-Auxiliary Inversion) Is he a watchman?","status":"passed","title":"Is he a watchman?","duration":1.1913150000000314,"failureMessages":[],"meta":{"sentence":"Is he a watchman?","parseCount":1,"assertions":[{"type":"grammatical","passed":true,"details":{"parseCount":1}}]}},{"ancestorTitles":["Yes/No Questions (Subject-Auxiliary Inversion)"],"fullName":"Yes/No Questions (Subject-Auxiliary Inversion) Is he eating?","status":"passed","title":"Is he eating?","duration":1.0104840000000195,"failureMessages":[],"meta":{"sentence":"Is he eating?","parseCount":1,"assertions":[{"type":"grammatical","passed":true,"details":{"parseCount":1}}]}},{"ancestorTitles":["Yes/No Questions (Subject-Auxiliary Inversion)"],"fullName":"Yes/No Questions (Subject-Auxiliary Inversion) Has he eaten?","status":"passed","title":"Has he eaten?","duration":1.0515640000000985,"failureMessages":[],"meta":{"sentence":"Has he eaten?","parseCount":1,"assertions":[{"type":"grammatical","passed":true,"details":{"parseCount":1}}]}},{"ancestorTitles":["Yes/No Questions (Subject-Auxiliary Inversion)"],"fullName":"Yes/No Questions (Subject-Auxiliary Inversion) Does he eat?","status":"passed","title":"Does he eat?","duration":1.183738999999946,"failureMessages":[],"meta":{"sentence":"Does he eat?","parseCount":1,"assertions":[{"type":"grammatical","passed":true,"details":{"parseCount":1}}]}},{"ancestorTitles":["Yes/No Questions (Subject-Auxiliary Inversion)"],"fullName":"Yes/No Questions (Subject-Auxiliary Inversion) Are you happy?","status":"passed","title":"Are you happy?","duration":1.110496000000012,"failureMessages":[],"meta":{"sentence":"Are you happy?","parseCount":1,"assertions":[{"type":"grammatical","passed":true,"details":{"parseCount":1}}]}},{"ancestorTitles":["Yes/No Questions (Subject-Auxiliary Inversion)"],"fullName":"Yes/No Questions (Subject-Auxiliary Inversion) Are you eating?","status":"passed","title":"Are you eating?","duration":1.11114299999997,"failureMessages":[],"meta":{"sentence":"Are you eating?","parseCount":1,"assertions":[{"type":"grammatical","passed":true,"details":{"parseCount":1}}]}},{"ancestorTitles":["Yes/No Questions (Subject-Auxiliary Inversion)"],"fullName":"Yes/No Questions (Subject-Auxiliary Inversion) Have you eaten?","status":"passed","title":"Have you eaten?","duration":1.6509489999999687,"failureMessages":[],"meta":{"sentence":"Have you eaten?","parseCount":1,"assertions":[{"type":"grammatical","passed":true,"details":{"parseCount":1}}]}},{"ancestorTitles":["Yes/No Questions (Subject-Auxiliary Inversion)"],"fullName":"Yes/No Questions (Subject-Auxiliary Inversion) Do you eat?","status":"passed","title":"Do you eat?","duration":1.6836630000000241,"failureMessages":[],"meta":{"sentence":"Do you eat?","parseCount":1,"assertions":[{"type":"grammatical","passed":true,"details":{"parseCount":1}}]}},{"ancestorTitles":["Wh-Questions with Object Extraction"],"fullName":"Wh-Questions with Object Extraction What did he eat?","status":"passed","title":"What did he eat?","duration":3.473869000000036,"failureMessages":[],"meta":{"sentence":"What did he eat?","parseCount":1,"assertions":[{"type":"grammatical","passed":true,"details":{"parseCount":1}}]}},{"ancestorTitles":["Wh-Questions with Object Extraction"],"fullName":"Wh-Questions with Object Extraction What can you sing?","status":"passed","title":"What can you sing?","duration":2.614524999999958,"failureMessages":[],"meta":{"sentence":"What can you sing?","parseCount":1,"assertions":[{"type":"grammatical","passed":true,"details":{"parseCount":1}}]}},{"ancestorTitles":["Wh-Questions with Object Extraction"],"fullName":"Wh-Questions with Object Extraction What is he eating?","status":"passed","title":"What is he eating?","duration":2.4258989999999585,"failureMessages":[],"meta":{"sentence":"What is he eating?","parseCount":1,"assertions":[{"type":"grammatical","passed":true,"details":{"parseCount":1}}]}},{"ancestorTitles":["Wh-Questions with Object Extraction"],"fullName":"Wh-Questions with Object Extraction What has he eaten?","status":"passed","title":"What has he eaten?","duration":1.957153000000062,"failureMessages":[],"meta":{"sentence":"What has he eaten?","parseCount":1,"assertions":[{"type":"grammatical","passed":true,"details":{"parseCount":1}}]}},{"ancestorTitles":["Wh-Questions with Object Extraction"],"fullName":"Wh-Questions with Object Extraction What is he given?","status":"passed","title":"What is he given?","duration":2.2775649999999814,"failureMessages":[],"meta":{"sentence":"What is he given?","parseCount":1,"assertions":[{"type":"grammatical","passed":true,"details":{"parseCount":1}}]}},{"ancestorTitles":["Wh-Questions with Object Extraction"],"fullName":"Wh-Questions with Object Extraction What are you eating?","status":"passed","title":"What are you eating?","duration":1.7963210000000345,"failureMessages":[],"meta":{"sentence":"What are you eating?","parseCount":1,"assertions":[{"type":"grammatical","passed":true,"details":{"parseCount":1}}]}},{"ancestorTitles":["Wh-Questions with Object Extraction"],"fullName":"Wh-Questions with Object Extraction What have you eaten?","status":"passed","title":"What have you eaten?","duration":1.8824619999999186,"failureMessages":[],"meta":{"sentence":"What have you eaten?","parseCount":1,"assertions":[{"type":"grammatical","passed":true,"details":{"parseCount":1}}]}},{"ancestorTitles":["Wh-Questions with Object Extraction"],"fullName":"Wh-Questions with Object Extraction What are you given?","status":"passed","title":"What are you given?","duration":3.2271140000000287,"failureMessages":[],"meta":{"sentence":"What are you given?","parseCount":1,"assertions":[{"type":"grammatical","passed":true,"details":{"parseCount":1}}]}},{"ancestorTitles":["Wh-Questions with Subject Extraction"],"fullName":"Wh-Questions with Subject Extraction Who hunts the deer?","status":"passed","title":"Who hunts the deer?","duration":1.744107999999983,"failureMessages":[],"meta":{"sentence":"Who hunts the deer?","parseCount":1,"assertions":[{"type":"grammatical","passed":true,"details":{"parseCount":1}},{"type":"constituency","passed":true,"details":{"constituent":["the","deer"],"excludes":"who","parseCount":1}}]}},{"ancestorTitles":["Wh-Questions with Subject Extraction"],"fullName":"Wh-Questions with Subject Extraction Which people hunt the deer?","status":"passed","title":"Which people hunt the deer?","duration":1.1911760000000413,"failureMessages":[],"meta":{"sentence":"Which people hunt the deer?","parseCount":1,"assertions":[{"type":"grammatical","passed":true,"details":{"parseCount":1}}]}},{"ancestorTitles":["Wh-Questions with Adjunct Extraction"],"fullName":"Wh-Questions with Adjunct Extraction Where did you eat?","status":"passed","title":"Where did you eat?","duration":1.0747179999999616,"failureMessages":[],"meta":{"sentence":"Where did you eat?","parseCount":1,"assertions":[{"type":"grammatical","passed":true,"details":{"parseCount":1}}]}},{"ancestorTitles":["Wh-Questions with Adjunct Extraction"],"fullName":"Wh-Questions with Adjunct Extraction Why did you eat?","status":"passed","title":"Why did you eat?","duration":0.9241850000000795,"failureMessages":[],"meta":{"sentence":"Why did you eat?","parseCount":1,"assertions":[{"type":"grammatical","passed":true,"details":{"parseCount":1}}]}},{"ancestorTitles":["Wh-Questions with Adjunct Extraction"],"fullName":"Wh-Questions with Adjunct Extraction When did you eat?","status":"passed","title":"When did you eat?","duration":0.9858709999999746,"failureMessages":[],"meta":{"sentence":"When did you eat?","parseCount":1,"assertions":[{"type":"grammatical","passed":true,"details":{"parseCount":1}}]}},{"ancestorTitles":["How-Questions"],"fullName":"How-Questions How did you eat the apple?","status":"passed","title":"How did you eat the apple?","duration":1.1460120000000416,"failureMessages":[],"meta":{"sentence":"How did you eat the apple?","parseCount":1,"assertions":[{"type":"grammatical","passed":true,"details":{"parseCount":1}}]}},{"ancestorTitles":["How-Questions"],"fullName":"How-Questions How quickly did you eat the apple?","status":"passed","title":"How quickly did you eat the apple?","duration":1.0323020000000724,"failureMessages":[],"meta":{"sentence":"How quickly did you eat the apple?","parseCount":1,"assertions":[{"type":"grammatical","passed":true,"details":{"parseCount":1}}]}},{"ancestorTitles":["Degree How-Questions (AdjP Extraction)"],"fullName":"Degree How-Questions (AdjP Extraction) How happy did Mary become?","status":"passed","title":"How happy did Mary become?","duration":1.0297400000000607,"failureMessages":[],"meta":{"sentence":"How happy did Mary become?","parseCount":1,"assertions":[{"type":"grammatical","passed":true,"details":{"parseCount":1}}]}},{"ancestorTitles":["Degree How-Questions (AdjP Extraction)"],"fullName":"Degree How-Questions (AdjP Extraction) How is he?","status":"passed","title":"How is he?","duration":1.0382550000000492,"failureMessages":[],"meta":{"sentence":"How is he?","parseCount":1,"assertions":[{"type":"grammatical","passed":true,"details":{"parseCount":1}}]}},{"ancestorTitles":["Degree How-Questions (AdjP Extraction)"],"fullName":"Degree How-Questions (AdjP Extraction) How are you?","status":"passed","title":"How are you?","duration":1.6890139999999292,"failureMessages":[],"meta":{"sentence":"How are you?","parseCount":1,"assertions":[{"type":"grammatical","passed":true,"details":{"parseCount":1}}]}},{"ancestorTitles":["Which-Questions with Determiners"],"fullName":"Which-Questions with Determiners Which book is yours?","status":"passed","title":"Which book is yours?","duration":1.5587749999999687,"failureMessages":[],"meta":{"sentence":"Which book is yours?","parseCount":3,"assertions":[{"type":"grammatical","passed":true,"details":{"parseCount":3}},{"type":"constituency","passed":true,"details":{"constituent":["which","book"],"excludes":"yours","parseCount":3}}]}},{"ancestorTitles":["Which-Questions with Determiners"],"fullName":"Which-Questions with Determiners Which books are yours?","status":"passed","title":"Which books are yours?","duration":1.3603560000000243,"failureMessages":[],"meta":{"sentence":"Which books are yours?","parseCount":3,"assertions":[{"type":"grammatical","passed":true,"details":{"parseCount":3}}]}},{"ancestorTitles":["Whose-Questions"],"fullName":"Whose-Questions Whose book is this?","status":"passed","title":"Whose book is this?","duration":1.22644200000002,"failureMessages":[],"meta":{"sentence":"Whose book is this?","parseCount":2,"assertions":[{"type":"grammatical","passed":true,"details":{"parseCount":2}},{"type":"constituency","passed":true,"details":{"constituent":["whose","book"],"excludes":"this","parseCount":2}}]}},{"ancestorTitles":["Passive Questions"],"fullName":"Passive Questions Is he eaten?","status":"passed","title":"Is he eaten?","duration":0.9093059999999014,"failureMessages":[],"meta":{"sentence":"Is he eaten?","parseCount":1,"assertions":[{"type":"grammatical","passed":true,"details":{"parseCount":1}}]}},{"ancestorTitles":["Passive Questions"],"fullName":"Passive Questions Are you eaten?","status":"passed","title":"Are you eaten?","duration":0.9213330000000042,"failureMessages":[],"meta":{"sentence":"Are you eaten?","parseCount":1,"assertions":[{"type":"grammatical","passed":true,"details":{"parseCount":1}}]}},{"ancestorTitles":["Passive Questions"],"fullName":"Passive Questions How is he made?","status":"passed","title":"How is he made?","duration":1.0325940000000173,"failureMessages":[],"meta":{"sentence":"How is he made?","parseCount":1,"assertions":[{"type":"grammatical","passed":true,"details":{"parseCount":1}}]}},{"ancestorTitles":["Passive Questions"],"fullName":"Passive Questions How are you made?","status":"passed","title":"How are you made?","duration":1.1550429999999778,"failureMessages":[],"meta":{"sentence":"How are you made?","parseCount":1,"assertions":[{"type":"grammatical","passed":true,"details":{"parseCount":1}}]}}],"startTime":1769115540094,"endTime":1769115540150.155,"status":"passed","message":"","name":"/home/fidgetsinner/myworkspace/cgel/tests/questions.test.ts"},{"assertionResults":[{"ancestorTitles":["Simple Declaratives"],"fullName":"Simple Declaratives The dog ran.","status":"passed","title":"The dog ran.","duration":5.244272999999907,"failureMessages":[],"meta":{"sentence":"The dog ran.","parseCount":1,"assertions":[{"type":"grammatical","passed":true,"details":{"parseCount":1}},{"type":"constituency","passed":true,"details":{"constituent":["the","dog"],"excludes":"ran","parseCount":1}}]}},{"ancestorTitles":["Simple Declaratives"],"fullName":"Simple Declaratives She read the book.","status":"passed","title":"She read the book.","duration":2.996891000000005,"failureMessages":[],"meta":{"sentence":"She read the book.","parseCount":1,"assertions":[{"type":"grammatical","passed":true,"details":{"parseCount":1}},{"type":"constituency","passed":true,"details":{"constituent":["the","book"],"excludes":"she","parseCount":1}},{"type":"constituency","passed":true,"details":{"constituent":["read","book"],"excludes":"she","parseCount":1}}]}},{"ancestorTitles":["Simple Declaratives"],"fullName":"Simple Declaratives The big dog ran quickly.","status":"passed","title":"The big dog ran quickly.","duration":2.247078999999985,"failureMessages":[],"meta":{"sentence":"The big dog ran quickly.","parseCount":1,"assertions":[{"type":"grammatical","passed":true,"details":{"parseCount":1}},{"type":"constituency","passed":true,"details":{"constituent":["big","dog"],"excludes":"ran","parseCount":1}},{"type":"constituency","passed":true,"details":{"constituent":["the","dog"],"excludes":"ran","parseCount":1}}]}},{"ancestorTitles":["Simple Declaratives"],"fullName":"Simple Declaratives John gave Mary a book.","status":"passed","title":"John gave Mary a book.","duration":2.0246530000000575,"failureMessages":[],"meta":{"sentence":"John gave Mary a book.","parseCount":1,"assertions":[{"type":"grammatical","passed":true,"details":{"parseCount":1}},{"type":"constituency","passed":true,"details":{"constituent":["a","book"],"excludes":"mary","parseCount":1}}]}},{"ancestorTitles":["Ungrammatical Sentences"],"fullName":"Ungrammatical Sentences The dogs runs.","status":"passed","title":"The dogs runs.","duration":5.817491999999902,"failureMessages":[],"meta":{"sentence":"The dogs runs.","parseCount":0,"assertions":[{"type":"grammatical","passed":true,"details":{"parseCount":0}}]}},{"ancestorTitles":["Ungrammatical Sentences"],"fullName":"Ungrammatical Sentences Ran the dog.","status":"passed","title":"Ran the dog.","duration":2.004884000000061,"failureMessages":[],"meta":{"sentence":"Ran the dog.","parseCount":0,"assertions":[{"type":"grammatical","passed":true,"details":{"parseCount":0}}]}},{"ancestorTitles":["Ungrammatical Sentences"],"fullName":"Ungrammatical Sentences The the dog ran.","status":"passed","title":"The the dog ran.","duration":1.4953909999999269,"failureMessages":[],"meta":{"sentence":"The the dog ran.","parseCount":0,"assertions":[{"type":"grammatical","passed":true,"details":{"parseCount":0}}]}}],"startTime":1769115540101,"endTime":1769115540123.4954,"status":"passed","message":"","name":"/home/fidgetsinner/myworkspace/cgel/tests/simple.test.ts"},{"assertionResults":[{"ancestorTitles":["Intransitive Verbs"],"fullName":"Intransitive Verbs I smoked.","status":"passed","title":"I smoked.","duration":4.540261999999984,"failureMessages":[],"meta":{"sentence":"I smoked.","parseCount":1,"assertions":[{"type":"grammatical","passed":true,"details":{"parseCount":1}}]}},{"ancestorTitles":["Intransitive Verbs"],"fullName":"Intransitive Verbs The horse ran.","status":"passed","title":"The horse ran.","duration":2.7167160000000194,"failureMessages":[],"meta":{"sentence":"The horse ran.","parseCount":1,"assertions":[{"type":"grammatical","passed":true,"details":{"parseCount":1}}]}},{"ancestorTitles":["Monotransitive Verbs"],"fullName":"Monotransitive Verbs I ate the apple.","status":"passed","title":"I ate the apple.","duration":3.006434000000013,"failureMessages":[],"meta":{"sentence":"I ate the apple.","parseCount":1,"assertions":[{"type":"grammatical","passed":true,"details":{"parseCount":1}},{"type":"constituency","passed":true,"details":{"constituent":["the","apple"],"excludes":"ate","parseCount":1}}]}},{"ancestorTitles":["Monotransitive Verbs"],"fullName":"Monotransitive Verbs I saw the suspect today.","status":"passed","title":"I saw the suspect today.","duration":2.437584999999899,"failureMessages":[],"meta":{"sentence":"I saw the suspect today.","parseCount":1,"assertions":[{"type":"grammatical","passed":true,"details":{"parseCount":1}}]}},{"ancestorTitles":["Copular Verbs with Predicative Complement"],"fullName":"Copular Verbs with Predicative Complement You seemed happy.","status":"passed","title":"You seemed happy.","duration":1.9126139999999623,"failureMessages":[],"meta":{"sentence":"You seemed happy.","parseCount":1,"assertions":[{"type":"grammatical","passed":true,"details":{"parseCount":1}}]}},{"ancestorTitles":["Copular Verbs with Predicative Complement"],"fullName":"Copular Verbs with Predicative Complement He is good.","status":"passed","title":"He is good.","duration":2.0032939999999826,"failureMessages":[],"meta":{"sentence":"He is good.","parseCount":1,"assertions":[{"type":"grammatical","passed":true,"details":{"parseCount":1}}]}},{"ancestorTitles":["Copular Verbs with Predicative Complement"],"fullName":"Copular Verbs with Predicative Complement He is a good boy.","status":"passed","title":"He is a good boy.","duration":1.9063589999999522,"failureMessages":[],"meta":{"sentence":"He is a good boy.","parseCount":1,"assertions":[{"type":"grammatical","passed":true,"details":{"parseCount":1}}]}},{"ancestorTitles":["Catenative Verbs with To-Infinitive"],"fullName":"Catenative Verbs with To-Infinitive I wanted to bring the book.","status":"passed","title":"I wanted to bring the book.","duration":2.267381999999998,"failureMessages":[],"meta":{"sentence":"I wanted to bring the book.","parseCount":1,"assertions":[{"type":"grammatical","passed":true,"details":{"parseCount":1}}]}},{"ancestorTitles":["Catenative Verbs with To-Infinitive"],"fullName":"Catenative Verbs with To-Infinitive He wanted to eat today.","status":"passed","title":"He wanted to eat today.","duration":2.1590059999999767,"failureMessages":[],"meta":{"sentence":"He wanted to eat today.","parseCount":3,"assertions":[{"type":"grammatical","passed":true,"details":{"parseCount":3}}]}},{"ancestorTitles":["Catenative Verbs with To-Infinitive"],"fullName":"Catenative Verbs with To-Infinitive He wanted badly to eat food.","status":"passed","title":"He wanted badly to eat food.","duration":2.983203000000003,"failureMessages":[],"meta":{"sentence":"He wanted badly to eat food.","parseCount":1,"assertions":[{"type":"grammatical","passed":true,"details":{"parseCount":1}}]}},{"ancestorTitles":["Catenative Verbs with Bare Infinitive"],"fullName":"Catenative Verbs with Bare Infinitive I helped clean.","status":"passed","title":"I helped clean.","duration":1.5187970000000632,"failureMessages":[],"meta":{"sentence":"I helped clean.","parseCount":1,"assertions":[{"type":"grammatical","passed":true,"details":{"parseCount":1}}]}},{"ancestorTitles":["Catenative Verbs with Raised Object + To-Infinitive"],"fullName":"Catenative Verbs with Raised Object + To-Infinitive I asked you to eat the apple.","status":"passed","title":"I asked you to eat the apple.","duration":1.2847229999999854,"failureMessages":[],"meta":{"sentence":"I asked you to eat the apple.","parseCount":1,"assertions":[{"type":"grammatical","passed":true,"details":{"parseCount":1}}]}},{"ancestorTitles":["Catenative Verbs with Raised Object + To-Infinitive"],"fullName":"Catenative Verbs with Raised Object + To-Infinitive He asked you to leave today.","status":"passed","title":"He asked you to leave today.","duration":1.1761370000000397,"failureMessages":[],"meta":{"sentence":"He asked you to leave today.","parseCount":3,"assertions":[{"type":"grammatical","passed":true,"details":{"parseCount":3}}]}},{"ancestorTitles":["Catenative Verbs with Raised Object + Bare Infinitive"],"fullName":"Catenative Verbs with Raised Object + Bare Infinitive I made you eat the apple.","status":"passed","title":"I made you eat the apple.","duration":1.325570999999968,"failureMessages":[],"meta":{"sentence":"I made you eat the apple.","parseCount":1,"assertions":[{"type":"grammatical","passed":true,"details":{"parseCount":1}}]}},{"ancestorTitles":["Catenative Verbs with Raised Object + Bare Infinitive"],"fullName":"Catenative Verbs with Raised Object + Bare Infinitive He made you eat vegetables yesterday.","status":"passed","title":"He made you eat vegetables yesterday.","duration":1.169758999999999,"failureMessages":[],"meta":{"sentence":"He made you eat vegetables yesterday.","parseCount":1,"assertions":[{"type":"grammatical","passed":true,"details":{"parseCount":1}}]}},{"ancestorTitles":["Complex-Transitive with Predicative Complement"],"fullName":"Complex-Transitive with Predicative Complement I found you happy.","status":"passed","title":"I found you happy.","duration":1.1373430000001008,"failureMessages":[],"meta":{"sentence":"I found you happy.","parseCount":1,"assertions":[{"type":"grammatical","passed":true,"details":{"parseCount":1}}]}},{"ancestorTitles":["Complex-Transitive with Predicative Complement"],"fullName":"Complex-Transitive with Predicative Complement I found the suspect guilty today.","status":"passed","title":"I found the suspect guilty today.","duration":1.106396000000018,"failureMessages":[],"meta":{"sentence":"I found the suspect guilty today.","parseCount":3,"assertions":[{"type":"grammatical","passed":true,"details":{"parseCount":3}}]}},{"ancestorTitles":["Ditransitive Verbs (Double Object)"],"fullName":"Ditransitive Verbs (Double Object) I gave you food.","status":"passed","title":"I gave you food.","duration":1.6973750000000791,"failureMessages":[],"meta":{"sentence":"I gave you food.","parseCount":1,"assertions":[{"type":"grammatical","passed":true,"details":{"parseCount":1}}]}},{"ancestorTitles":["Ditransitive Verbs (Double Object)"],"fullName":"Ditransitive Verbs (Double Object) He gave you the book today.","status":"passed","title":"He gave you the book today.","duration":0.7289490000000569,"failureMessages":[],"meta":{"sentence":"He gave you the book today.","parseCount":1,"assertions":[{"type":"grammatical","passed":true,"details":{"parseCount":1}}]}},{"ancestorTitles":["Ditransitive Verbs (Dative Shift)"],"fullName":"Ditransitive Verbs (Dative Shift) I gave food to you.","status":"passed","title":"I gave food to you.","duration":0.6771840000000111,"failureMessages":[],"meta":{"sentence":"I gave food to you.","parseCount":3,"assertions":[{"type":"grammatical","passed":true,"details":{"parseCount":3}}]}},{"ancestorTitles":["Ditransitive Verbs (Dative Shift)"],"fullName":"Ditransitive Verbs (Dative Shift) He gave the book to Mary today.","status":"passed","title":"He gave the book to Mary today.","duration":0.6844340000000102,"failureMessages":[],"meta":{"sentence":"He gave the book to Mary today.","parseCount":4,"assertions":[{"type":"grammatical","passed":true,"details":{"parseCount":4}}]}},{"ancestorTitles":["Progressive Aspect"],"fullName":"Progressive Aspect We are eating.","status":"passed","title":"We are eating.","duration":0.6375639999999976,"failureMessages":[],"meta":{"sentence":"We are eating.","parseCount":1,"assertions":[{"type":"grammatical","passed":true,"details":{"parseCount":1}}]}},{"ancestorTitles":["Progressive Aspect"],"fullName":"Progressive Aspect They are playing.","status":"passed","title":"They are playing.","duration":0.5611189999999624,"failureMessages":[],"meta":{"sentence":"They are playing.","parseCount":1,"assertions":[{"type":"grammatical","passed":true,"details":{"parseCount":1}}]}},{"ancestorTitles":["Perfect Aspect"],"fullName":"Perfect Aspect He had eaten.","status":"passed","title":"He had eaten.","duration":0.5670679999999493,"failureMessages":[],"meta":{"sentence":"He had eaten.","parseCount":1,"assertions":[{"type":"grammatical","passed":true,"details":{"parseCount":1}}]}},{"ancestorTitles":["Perfect Aspect"],"fullName":"Perfect Aspect The vase has broken.","status":"passed","title":"The vase has broken.","duration":0.665053999999941,"failureMessages":[],"meta":{"sentence":"The vase has broken.","parseCount":1,"assertions":[{"type":"grammatical","passed":true,"details":{"parseCount":1}}]}},{"ancestorTitles":["Particle Constructions (CGEL 6.3.2 Structure I + IV)"],"fullName":"Particle Constructions (CGEL 6.3.2 Structure I + IV) He gave in.","status":"passed","title":"He gave in.","duration":0.5969470000000001,"failureMessages":[],"meta":{"sentence":"He gave in.","parseCount":1,"assertions":[{"type":"grammatical","passed":true,"details":{"parseCount":1}}]}},{"ancestorTitles":["Particle Constructions (CGEL 6.3.2 Structure I + IV)"],"fullName":"Particle Constructions (CGEL 6.3.2 Structure I + IV) He gave in yesterday.","status":"passed","title":"He gave in yesterday.","duration":0.5735689999999067,"failureMessages":[],"meta":{"sentence":"He gave in yesterday.","parseCount":2,"assertions":[{"type":"grammatical","passed":true,"details":{"parseCount":2}}]}},{"ancestorTitles":["Particle + Predicative Complement (CGEL 6.3.2 Structure VI)"],"fullName":"Particle + Predicative Complement (CGEL 6.3.2 Structure VI) She ended up happy.","status":"passed","title":"She ended up happy.","duration":0.9131350000000111,"failureMessages":[],"meta":{"sentence":"She ended up happy.","parseCount":1,"assertions":[{"type":"grammatical","passed":true,"details":{"parseCount":1}}]}},{"ancestorTitles":["Particle + Predicative Complement (CGEL 6.3.2 Structure VI)"],"fullName":"Particle + Predicative Complement (CGEL 6.3.2 Structure VI) The meeting turned out fine.","status":"failed","title":"The meeting turned out fine.","duration":3.4295809999999847,"failureMessages":["Error: Expected \"The meeting turned out fine.\" to parse, but it didn't\n    at Proxy.expectWrapper (file:///home/fidgetsinner/myworkspace/cgel/node_modules/@vitest/expect/dist/index.js:1821:12)\n    at Proxy.<anonymous> (file:///home/fidgetsinner/myworkspace/cgel/node_modules/@vitest/expect/dist/index.js:1090:14)\n    at Proxy.methodWrapper (file:///home/fidgetsinner/myworkspace/cgel/node_modules/chai/index.js:1700:25)\n    at /home/fidgetsinner/myworkspace/cgel/tests/verb-phrases.test.ts:179:20\n    at file:///home/fidgetsinner/myworkspace/cgel/node_modules/@vitest/runner/dist/index.js:145:11\n    at file:///home/fidgetsinner/myworkspace/cgel/node_modules/@vitest/runner/dist/index.js:915:26\n    at file:///home/fidgetsinner/myworkspace/cgel/node_modules/@vitest/runner/dist/index.js:1243:20\n    at new Promise (<anonymous>)\n    at runWithTimeout (file:///home/fidgetsinner/myworkspace/cgel/node_modules/@vitest/runner/dist/index.js:1209:10)\n    at file:///home/fidgetsinner/myworkspace/cgel/node_modules/@vitest/runner/dist/index.js:1653:37"],"meta":{"sentence":"The meeting turned out fine.","parseCount":0,"assertions":[{"type":"grammatical","passed":false,"details":{"parseCount":0}}]}},{"ancestorTitles":["Particle + To-Infinitive"],"fullName":"Particle + To-Infinitive The answer turned out to be wrong.","status":"failed","title":"The answer turned out to be wrong.","duration":0.9198730000000523,"failureMessages":["Error: Expected \"The answer turned out to be wrong.\" to parse, but it didn't\n    at Proxy.expectWrapper (file:///home/fidgetsinner/myworkspace/cgel/node_modules/@vitest/expect/dist/index.js:1821:12)\n    at Proxy.<anonymous> (file:///home/fidgetsinner/myworkspace/cgel/node_modules/@vitest/expect/dist/index.js:1090:14)\n    at Proxy.methodWrapper (file:///home/fidgetsinner/myworkspace/cgel/node_modules/chai/index.js:1700:25)\n    at /home/fidgetsinner/myworkspace/cgel/tests/verb-phrases.test.ts:186:20\n    at file:///home/fidgetsinner/myworkspace/cgel/node_modules/@vitest/runner/dist/index.js:145:11\n    at file:///home/fidgetsinner/myworkspace/cgel/node_modules/@vitest/runner/dist/index.js:915:26\n    at file:///home/fidgetsinner/myworkspace/cgel/node_modules/@vitest/runner/dist/index.js:1243:20\n    at new Promise (<anonymous>)\n    at runWithTimeout (file:///home/fidgetsinner/myworkspace/cgel/node_modules/@vitest/runner/dist/index.js:1209:10)\n    at file:///home/fidgetsinner/myworkspace/cgel/node_modules/@vitest/runner/dist/index.js:1653:37"],"meta":{"sentence":"The answer turned out to be wrong.","parseCount":0,"assertions":[{"type":"grammatical","passed":false,"details":{"parseCount":0}}]}},{"ancestorTitles":["Particle + Gerund"],"fullName":"Particle + Gerund She kept on working.","status":"failed","title":"She kept on working.","duration":1.0275360000000546,"failureMessages":["Error: Expected \"She kept on working.\" to parse, but it didn't\n    at Proxy.expectWrapper (file:///home/fidgetsinner/myworkspace/cgel/node_modules/@vitest/expect/dist/index.js:1821:12)\n    at Proxy.<anonymous> (file:///home/fidgetsinner/myworkspace/cgel/node_modules/@vitest/expect/dist/index.js:1090:14)\n    at Proxy.methodWrapper (file:///home/fidgetsinner/myworkspace/cgel/node_modules/chai/index.js:1700:25)\n    at /home/fidgetsinner/myworkspace/cgel/tests/verb-phrases.test.ts:193:20\n    at file:///home/fidgetsinner/myworkspace/cgel/node_modules/@vitest/runner/dist/index.js:145:11\n    at file:///home/fidgetsinner/myworkspace/cgel/node_modules/@vitest/runner/dist/index.js:915:26\n    at file:///home/fidgetsinner/myworkspace/cgel/node_modules/@vitest/runner/dist/index.js:1243:20\n    at new Promise (<anonymous>)\n    at runWithTimeout (file:///home/fidgetsinner/myworkspace/cgel/node_modules/@vitest/runner/dist/index.js:1209:10)\n    at file:///home/fidgetsinner/myworkspace/cgel/node_modules/@vitest/runner/dist/index.js:1653:37"],"meta":{"sentence":"She kept on working.","parseCount":0,"assertions":[{"type":"grammatical","passed":false,"details":{"parseCount":0}}]}},{"ancestorTitles":["Particle + Object (CGEL 6.3.2 Structure II + V)"],"fullName":"Particle + Object (CGEL 6.3.2 Structure II + V) She took off the label.","status":"passed","title":"She took off the label.","duration":0.7239809999999807,"failureMessages":[],"meta":{"sentence":"She took off the label.","parseCount":1,"assertions":[{"type":"grammatical","passed":true,"details":{"parseCount":1}}]}},{"ancestorTitles":["Particle + Object (CGEL 6.3.2 Structure II + V)"],"fullName":"Particle + Object (CGEL 6.3.2 Structure II + V) She took the label off.","status":"passed","title":"She took the label off.","duration":0.679760999999985,"failureMessages":[],"meta":{"sentence":"She took the label off.","parseCount":1,"assertions":[{"type":"grammatical","passed":true,"details":{"parseCount":1}}]}},{"ancestorTitles":["Particle + Object (CGEL 6.3.2 Structure II + V)"],"fullName":"Particle + Object (CGEL 6.3.2 Structure II + V) She took off the label yesterday.","status":"passed","title":"She took off the label yesterday.","duration":0.7498610000000099,"failureMessages":[],"meta":{"sentence":"She took off the label yesterday.","parseCount":1,"assertions":[{"type":"grammatical","passed":true,"details":{"parseCount":1}}]}},{"ancestorTitles":["Object + Particle + Predicative Complement (CGEL 6.3.2 Structure VII)"],"fullName":"Object + Particle + Predicative Complement (CGEL 6.3.2 Structure VII) This showed him up as spineless.","status":"failed","title":"This showed him up as spineless.","duration":0.9470719999999346,"failureMessages":["Error: Expected \"This showed him up as spineless.\" to parse, but it didn't\n    at Proxy.expectWrapper (file:///home/fidgetsinner/myworkspace/cgel/node_modules/@vitest/expect/dist/index.js:1821:12)\n    at Proxy.<anonymous> (file:///home/fidgetsinner/myworkspace/cgel/node_modules/@vitest/expect/dist/index.js:1090:14)\n    at Proxy.methodWrapper (file:///home/fidgetsinner/myworkspace/cgel/node_modules/chai/index.js:1700:25)\n    at /home/fidgetsinner/myworkspace/cgel/tests/verb-phrases.test.ts:219:20\n    at file:///home/fidgetsinner/myworkspace/cgel/node_modules/@vitest/runner/dist/index.js:145:11\n    at file:///home/fidgetsinner/myworkspace/cgel/node_modules/@vitest/runner/dist/index.js:915:26\n    at file:///home/fidgetsinner/myworkspace/cgel/node_modules/@vitest/runner/dist/index.js:1243:20\n    at new Promise (<anonymous>)\n    at runWithTimeout (file:///home/fidgetsinner/myworkspace/cgel/node_modules/@vitest/runner/dist/index.js:1209:10)\n    at file:///home/fidgetsinner/myworkspace/cgel/node_modules/@vitest/runner/dist/index.js:1653:37"],"meta":{"sentence":"This showed him up as spineless.","parseCount":0,"assertions":[{"type":"grammatical","passed":false,"details":{"parseCount":0}}]}},{"ancestorTitles":["Object + Particle + Object (CGEL 6.3.2 Structure III)"],"fullName":"Object + Particle + Object (CGEL 6.3.2 Structure III) I ran him off another copy.","status":"passed","title":"I ran him off another copy.","duration":0.7105149999999867,"failureMessages":[],"meta":{"sentence":"I ran him off another copy.","parseCount":2,"assertions":[{"type":"grammatical","passed":true,"details":{"parseCount":2}}]}},{"ancestorTitles":["Adverb Placement"],"fullName":"Adverb Placement He quickly ran.","status":"passed","title":"He quickly ran.","duration":1.0946640000000798,"failureMessages":[],"meta":{"sentence":"He quickly ran.","parseCount":1,"assertions":[{"type":"grammatical","passed":true,"details":{"parseCount":1}}]}},{"ancestorTitles":["Adverb Placement"],"fullName":"Adverb Placement He ran quickly.","status":"passed","title":"He ran quickly.","duration":0.5345370000000003,"failureMessages":[],"meta":{"sentence":"He ran quickly.","parseCount":1,"assertions":[{"type":"grammatical","passed":true,"details":{"parseCount":1}}]}},{"ancestorTitles":["Adverb Placement"],"fullName":"Adverb Placement He very quickly ran.","status":"passed","title":"He very quickly ran.","duration":0.5431999999999562,"failureMessages":[],"meta":{"sentence":"He very quickly ran.","parseCount":1,"assertions":[{"type":"grammatical","passed":true,"details":{"parseCount":1}}]}},{"ancestorTitles":["Modal Verbs"],"fullName":"Modal Verbs John can eat.","status":"passed","title":"John can eat.","duration":0.633780999999999,"failureMessages":[],"meta":{"sentence":"John can eat.","parseCount":1,"assertions":[{"type":"grammatical","passed":true,"details":{"parseCount":1}}]}},{"ancestorTitles":["Modal Verbs"],"fullName":"Modal Verbs John should eat the apple.","status":"passed","title":"John should eat the apple.","duration":0.626749000000018,"failureMessages":[],"meta":{"sentence":"John should eat the apple.","parseCount":1,"assertions":[{"type":"grammatical","passed":true,"details":{"parseCount":1}}]}},{"ancestorTitles":["Modal Verbs"],"fullName":"Modal Verbs John will run.","status":"passed","title":"John will run.","duration":0.47906299999999646,"failureMessages":[],"meta":{"sentence":"John will run.","parseCount":1,"assertions":[{"type":"grammatical","passed":true,"details":{"parseCount":1}}]}}],"startTime":1769115540101,"endTime":1769115540158.479,"status":"failed","message":"","name":"/home/fidgetsinner/myworkspace/cgel/tests/verb-phrases.test.ts"}]}